2018/07/30 01:29:56 [error] [php] Undefined variable: models (D:\wamp64\www\ttbackend\protected\controllers\ApiController.php:20)
Stack trace:
#0 D:\wamp64\www\yii\framework\web\CController.php(287): ApiController->runAction()
#1 D:\wamp64\www\yii\framework\web\CController.php(266): ApiController->runActionWithFilters()
#2 D:\wamp64\www\yii\framework\web\CWebApplication.php(276): ApiController->run()
#3 D:\wamp64\www\yii\framework\web\CWebApplication.php(135): CWebApplication->runController()
#4 D:\wamp64\www\yii\framework\base\CApplication.php(162): CWebApplication->processRequest()
#5 D:\wamp64\www\ttbackend\index.php(13): CWebApplication->run()
REQUEST_URI=/index.php/api/trending/
in D:\wamp64\www\ttbackend\protected\controllers\ApiController.php (20)
in D:\wamp64\www\ttbackend\index.php (13)
2018/07/30 01:49:20 [error] [php] Invalid argument supplied for foreach() (D:\wamp64\www\ttbackend\protected\controllers\ApiController.php:13)
Stack trace:
#0 D:\wamp64\www\yii\framework\web\CController.php(287): ApiController->runAction()
#1 D:\wamp64\www\yii\framework\web\CController.php(266): ApiController->runActionWithFilters()
#2 D:\wamp64\www\yii\framework\web\CWebApplication.php(276): ApiController->run()
#3 D:\wamp64\www\yii\framework\web\CWebApplication.php(135): CWebApplication->runController()
#4 D:\wamp64\www\yii\framework\base\CApplication.php(162): CWebApplication->processRequest()
#5 D:\wamp64\www\ttbackend\index.php(13): CWebApplication->run()
REQUEST_URI=/index.php/api/search/
in D:\wamp64\www\ttbackend\protected\controllers\ApiController.php (13)
in D:\wamp64\www\ttbackend\index.php (13)
2018/07/30 02:01:26 [error] [php] Undefined variable: query (D:\wamp64\www\ttbackend\protected\controllers\ApiController.php:12)
Stack trace:
#0 D:\wamp64\www\yii\framework\web\CController.php(287): ApiController->runAction()
#1 D:\wamp64\www\yii\framework\web\CController.php(266): ApiController->runActionWithFilters()
#2 D:\wamp64\www\yii\framework\web\CWebApplication.php(276): ApiController->run()
#3 D:\wamp64\www\yii\framework\web\CWebApplication.php(135): CWebApplication->runController()
#4 D:\wamp64\www\yii\framework\base\CApplication.php(162): CWebApplication->processRequest()
#5 D:\wamp64\www\ttbackend\index.php(13): CWebApplication->run()
REQUEST_URI=/index.php/api/search/
in D:\wamp64\www\ttbackend\protected\controllers\ApiController.php (12)
in D:\wamp64\www\ttbackend\index.php (13)
2018/07/30 02:02:01 [error] [system.db.CDbCommand] Error in preparing SQL: INSERT INTO 'tbl_query' ("query", "trending", "date") VALUES (:yp0, :yp1, NOW())
in D:\wamp64\www\ttbackend\protected\controllers\ApiController.php (15)
in D:\wamp64\www\ttbackend\index.php (13)
2018/07/30 02:02:01 [error] [exception.CDbException] exception 'CDbException' with message 'CDbCommand failed to prepare the SQL statement: SQLSTATE[HY000]: General error: 1 no such function: NOW' in D:\wamp64\www\yii\framework\db\CDbCommand.php:218
Stack trace:
#0 D:\wamp64\www\yii\framework\db\CDbCommand.php(273): CDbCommand->prepare()
#1 D:\wamp64\www\yii\framework\db\schema\CDbCommandBuilder.php(226): CDbCommand->bindValue(':yp0', 'Ola Mundo')
#2 D:\wamp64\www\yii\framework\db\ar\CActiveRecord.php(1013): CDbCommandBuilder->createInsertCommand(Object(CDbTableSchema), Array)
#3 D:\wamp64\www\yii\framework\db\ar\CActiveRecord.php(787): CActiveRecord->insert(NULL)
#4 D:\wamp64\www\ttbackend\protected\controllers\ApiController.php(15): CActiveRecord->save()
#5 D:\wamp64\www\yii\framework\web\actions\CInlineAction.php(50): ApiController->actionSearch()
#6 D:\wamp64\www\yii\framework\web\CController.php(309): CInlineAction->runWithParams(Array)
#7 D:\wamp64\www\yii\framework\web\CController.php(287): CController->runAction(Object(CInlineAction))
#8 D:\wamp64\www\yii\framework\web\CController.php(266): CController->runActionWithFilters(Object(CInlineAction), Array)
#9 D:\wamp64\www\yii\framework\web\CWebApplication.php(276): CController->run('search')
#10 D:\wamp64\www\yii\framework\web\CWebApplication.php(135): CWebApplication->runController('api/search')
#11 D:\wamp64\www\yii\framework\base\CApplication.php(162): CWebApplication->processRequest()
#12 D:\wamp64\www\ttbackend\index.php(13): CApplication->run()
#13 {main}
REQUEST_URI=/index.php/api/search/
---
2018/07/30 03:33:16 [error] [system.db.CDbCommand] CDbCommand::fetchAll() failed: SQLSTATE[HY000]: General error: 25 bind or column index out of range. The SQL statement executed was: SELECT * FROM 'tbl_tweet' 't' WHERE text LIKE '%:searched%'.
in D:\wamp64\www\ttbackend\protected\controllers\ApiController.php (16)
in D:\wamp64\www\ttbackend\index.php (13)
2018/07/30 03:33:16 [error] [exception.CDbException] exception 'CDbException' with message 'CDbCommand failed to execute the SQL statement: SQLSTATE[HY000]: General error: 25 bind or column index out of range. The SQL statement executed was: SELECT * FROM 'tbl_tweet' 't' WHERE text LIKE '%:searched%'' in D:\wamp64\www\yii\framework\db\CDbCommand.php:528
Stack trace:
#0 D:\wamp64\www\yii\framework\db\CDbCommand.php(390): CDbCommand->queryInternal('fetchAll', Array, Array)
#1 D:\wamp64\www\yii\framework\db\ar\CActiveRecord.php(1287): CDbCommand->queryAll()
#2 D:\wamp64\www\yii\framework\db\ar\CActiveRecord.php(1406): CActiveRecord->query(Object(CDbCriteria), true)
#3 D:\wamp64\www\ttbackend\protected\controllers\ApiController.php(16): CActiveRecord->findAll('text LIKE '%:se...', Array)
#4 D:\wamp64\www\yii\framework\web\actions\CInlineAction.php(50): ApiController->actionSearch()
#5 D:\wamp64\www\yii\framework\web\CController.php(309): CInlineAction->runWithParams(Array)
#6 D:\wamp64\www\yii\framework\web\CController.php(287): CController->runAction(Object(CInlineAction))
#7 D:\wamp64\www\yii\framework\web\CController.php(266): CController->runActionWithFilters(Object(CInlineAction), Array)
#8 D:\wamp64\www\yii\framework\web\CWebApplication.php(276): CController->run('search')
#9 D:\wamp64\www\yii\framework\web\CWebApplication.php(135): CWebApplication->runController('api/search')
#10 D:\wamp64\www\yii\framework\base\CApplication.php(162): CWebApplication->processRequest()
#11 D:\wamp64\www\ttbackend\index.php(13): CApplication->run()
#12 {main}
REQUEST_URI=/index.php/api/search/
---
2018/07/30 05:14:11 [error] [php] include(Controller.php): failed to open stream: No such file or directory (D:\wamp64\www\yii\framework\YiiBase.php:418)
Stack trace:
#0 D:\wamp64\www\ttbackend\protected\controllers\SiteController.php(4): spl_autoload_call()
#1 D:\wamp64\www\yii\framework\web\CWebApplication.php(344): require()
#2 D:\wamp64\www\yii\framework\web\CWebApplication.php(270): CWebApplication->createController()
#3 D:\wamp64\www\yii\framework\web\CWebApplication.php(135): CWebApplication->runController()
#4 D:\wamp64\www\yii\framework\base\CApplication.php(162): CWebApplication->processRequest()
#5 D:\wamp64\www\ttbackend\index.php(13): CWebApplication->run()
REQUEST_URI=/
in D:\wamp64\www\ttbackend\protected\controllers\SiteController.php (4)
in D:\wamp64\www\ttbackend\index.php (13)
